<?xml version="1.0" encoding="UTF-8"?>
<!-- Generated by org.testng.reporters.JUnitReportReporter -->
<testsuite skipped="0" hostname="Keyutechs-MBP" name="com.testscript.open_Chrome" tests="1" failures="0" timestamp="2020-12-08T15:09:21 IST" time="46.180" errors="0">
  <testcase name="Test" time="46.180" classname="com.testscript.open_Chrome"/>
  <system-out/>
</testsuite> <!-- com.testscript.open_Chrome -->
