<?xml version="1.0" encoding="UTF-8"?>
<!-- Generated by org.testng.reporters.JUnitReportReporter -->
<testsuite skipped="0" hostname="Keyutechs-MacBook-Pro.local" name="com.testscript.open_Chrome" tests="1" failures="0" timestamp="2020-12-05T19:37:38 IST" time="3.933" errors="0">
  <testcase name="Test" time="3.933" classname="com.testscript.open_Chrome"/>
  <system-out/>
</testsuite> <!-- com.testscript.open_Chrome -->
